0 verbose cli C:\Program Files\nodejs\node.exe C:\Users\callu\AppData\Roaming\npm\node_modules\npm\bin\npm-cli.js
1 info using npm@10.1.0
2 info using node@v21.7.1
3 timing npm:load:whichnode Completed in 2ms
4 timing config:load:defaults Completed in 3ms
5 timing config:load:file:C:\Users\callu\AppData\Roaming\npm\node_modules\npm\npmrc Completed in 3ms
6 timing config:load:builtin Completed in 3ms
7 timing config:load:cli Completed in 2ms
8 timing config:load:env Completed in 0ms
9 timing config:load:file:C:\Users\callu\Documents\code\next14cognito\.npmrc Completed in 1ms
10 timing config:load:project Completed in 4ms
11 timing config:load:file:C:\Users\callu\.npmrc Completed in 0ms
12 timing config:load:user Completed in 0ms
13 timing config:load:file:C:\Users\callu\AppData\Roaming\npm\etc\npmrc Completed in 0ms
14 timing config:load:global Completed in 0ms
15 timing config:load:setEnvs Completed in 1ms
16 timing config:load Completed in 14ms
17 timing npm:load:configload Completed in 14ms
18 timing config:load:flatten Completed in 1ms
19 timing npm:load:mkdirpcache Completed in 1ms
20 timing npm:load:mkdirplogs Completed in 1ms
21 verbose title npm ci
22 verbose argv "ci" "--cache" ".npm" "--prefer-offline"
23 timing npm:load:setTitle Completed in 1ms
24 timing npm:load:display Completed in 1ms
25 verbose logfile logs-max:10 dir:C:\Users\callu\Documents\code\next14cognito\.npm\_logs\2024-04-27T10_56_03_297Z-
26 verbose logfile C:\Users\callu\Documents\code\next14cognito\.npm\_logs\2024-04-27T10_56_03_297Z-debug-0.log
27 timing npm:load:logFile Completed in 11ms
28 timing npm:load:timers Completed in 0ms
29 timing npm:load:configScope Completed in 0ms
30 timing npm:load Completed in 59ms
31 timing arborist:ctor Completed in 0ms
32 silly logfile done cleaning log files
33 timing idealTree:init Completed in 184ms
34 timing idealTree:userRequests Completed in 0ms
35 silly idealTree buildDeps
36 timing idealTree:#root Completed in 0ms
37 timing idealTree:buildDeps Completed in 1ms
38 timing idealTree:fixDepFlags Completed in 0ms
39 timing idealTree Completed in 191ms
40 timing npm-ci:rm Completed in 4872ms
41 timing command:ci Completed in 5284ms
42 verbose stack Error: EPERM: operation not permitted, unlink 'C:\Users\callu\Documents\code\next14cognito\node_modules\@next\swc-win32-x64-msvc\next-swc.win32-x64-msvc.node'
43 verbose cwd C:\Users\callu\Documents\code\next14cognito
44 verbose Windows_NT 10.0.22631
45 verbose node v21.7.1
46 verbose npm  v10.1.0
47 error code EPERM
48 error syscall unlink
49 error path C:\Users\callu\Documents\code\next14cognito\node_modules\@next\swc-win32-x64-msvc\next-swc.win32-x64-msvc.node
50 error errno -4048
51 error [Error: EPERM: operation not permitted, unlink 'C:\Users\callu\Documents\code\next14cognito\node_modules\@next\swc-win32-x64-msvc\next-swc.win32-x64-msvc.node'] {
51 error   errno: -4048,
51 error   code: 'EPERM',
51 error   syscall: 'unlink',
51 error   path: 'C:\\Users\\callu\\Documents\\code\\next14cognito\\node_modules\\@next\\swc-win32-x64-msvc\\next-swc.win32-x64-msvc.node'
51 error }
52 error
52 error The operation was rejected by your operating system.
52 error It's possible that the file was already in use (by a text editor or antivirus),
52 error or that you lack permissions to access it.
52 error
52 error If you believe this might be a permissions issue, please double-check the
52 error permissions of the file and its containing directories, or try running
52 error the command again as root/Administrator.
53 verbose exit -4048
54 timing npm Completed in 6058ms
55 verbose code -4048
56 error A complete log of this run can be found in: C:\Users\callu\Documents\code\next14cognito\.npm\_logs\2024-04-27T10_56_03_297Z-debug-0.log
